Mplus VERSION 8 (Mac)
MUTHEN & MUTHEN
02/27/2019  11:58 AM

INPUT INSTRUCTIONS

  title:
   Effect of brain-autonomic coupling on mean autonomic activity

  data:
  FILE = faces.physio.threat0.082718.csv;

    variable:
    names are
  SID	block	wide	SCRc	RSAc	
  vmPFCc	dmPFCc	female	
  MFQ	CDI	SCARED	
  NCrimeM	SCrimeM	BullyM	DiscrimM	
  W1GA W1MD;

  USEVARIABLES =
   block SCRc RSAc vmPFCc dmPFCc
   female
   NCrimeM SCrimeM	BullyM	DiscrimM
   MFQ CDI SCARED W1GA W1MD;
  within = block SCRc RSAc vmPFCc dmPFCc;
  between =
  female NCrimeM SCrimeM	BullyM	DiscrimM
  MFQ CDI SCARED W1GA W1MD;

  CLUSTER = SID;

  MISSING = .;
  	
  ANALYSIS:
  	coverage = 0;
  	!model = nocovariances;
  	TYPE = TWOLEVEL RANDOM;
  	ESTIMATOR = ML;
  	ALGORITHM=INTEGRATION;

  MODEL:

  %WITHIN%

  dmPFCc vmPFCc RSAc SCRc ON block;

  S1|SCRc ON dmPFCc;

  [SCRc@0 dmPFCc@0];

  S2|RSAc ON vmPFCc;

  [RSAc@0 vmPFCc@0];

  dmPFCc with vmPFCc;

  RSAc with SCRc;

   %BETWEEN%

  T by NCrimeM SCrimeM BullyM DiscrimM;

  I1 by W1GA W1MD;

  I by MFQ CDI SCARED;

  S1; [S1];

  S2; [S2];

  S1 on T (a1);

  S1 on female;

  S2 on T (a2);

  S2 on female;

  I on S1 (b1);

  I on S2 (b2);

  I on I1 T female;

  S1 with S2 @0;

  OUTPUT: SAMPSTAT CINTERVAL;

  MODEL CONSTRAINT:

  NEW(indt);

  indt=a1*b1+a2*b2;

  SAVE:
  File is fscores.txt;
  SAVE = FSCORES;



*** WARNING in MODEL command
  Variable on the left-hand side of an ON statement in a | statement is a
  WITHIN variable.  The intercept for this variable is not random.
  Variable:  SCRC
*** WARNING in MODEL command
  Variable on the left-hand side of an ON statement in a | statement is a
  WITHIN variable.  The intercept for this variable is not random.
  Variable:  RSAC
*** WARNING
  One or more individual-level variables have no variation within a
  cluster for the following clusters.

     Variable   Cluster IDs with no within-cluster variation

      SCRC        3022 3036 3039 3048 3050 3067 3073 3076 3080 3105 3141 3142 3011 3158 3178 3179
                  3194 3195 3198 3207 3224 3229 3234
      RSAC        3015 3024 3029 3037 3038 3041 3044 3046 3057 3062 3065 3084 3106 3118 3009 3142
                  3144 3013 3155 3162 3179 3185 3209 3221 3227
      VMPFCC      3075
      DMPFCC      3046

   3 WARNING(S) FOUND IN THE INPUT INSTRUCTIONS




Effect of brain-autonomic coupling on mean autonomic activity

SUMMARY OF ANALYSIS

Number of groups                                                 1
Number of observations                                        2061

Number of dependent variables                                   13
Number of independent variables                                  2
Number of continuous latent variables                            5

Observed dependent variables

  Continuous
   NCRIMEM     SCRIMEM     BULLYM      DISCRIMM    MFQ         CDI
   SCARED      W1GA        W1MD        SCRC        RSAC        VMPFCC
   DMPFCC

Observed independent variables
   BLOCK       FEMALE

Continuous latent variables
   T           I1          I           S1          S2

Variables with special functions

  Cluster variable      SID

  Within variables
   BLOCK       SCRC        RSAC        VMPFCC      DMPFCC

  Between variables
   FEMALE      NCRIMEM     SCRIMEM     BULLYM      DISCRIMM    MFQ
   CDI         SCARED      W1GA        W1MD


Estimator                                                       ML
Information matrix                                        OBSERVED
Optimization Specifications for the Quasi-Newton Algorithm for
Continuous Outcomes
  Maximum number of iterations                                 100
  Convergence criterion                                  0.100D-05
Optimization Specifications for the EM Algorithm
  Maximum number of iterations                                 500
  Convergence criteria
    Loglikelihood change                                 0.100D-02
    Relative loglikelihood change                        0.100D-05
    Derivative                                           0.100D-02
Optimization Specifications for the M step of the EM Algorithm for
Categorical Latent variables
  Number of M step iterations                                    1
  M step convergence criterion                           0.100D-02
  Basis for M step termination                           ITERATION
Optimization Specifications for the M step of the EM Algorithm for
Censored, Binary or Ordered Categorical (Ordinal), Unordered
Categorical (Nominal) and Count Outcomes
  Number of M step iterations                                    1
  M step convergence criterion                           0.100D-02
  Basis for M step termination                           ITERATION
  Maximum value for logit thresholds                            15
  Minimum value for logit thresholds                           -15
  Minimum expected cell size for chi-square              0.100D-01
Maximum number of iterations for H1                           2000
Convergence criterion for H1                             0.100D-03
Optimization algorithm                                         EMA
Integration Specifications
  Type                                                    STANDARD
  Number of integration points                                  15
  Dimensions of numerical integration                            0
  Adaptive quadrature                                           ON
Cholesky                                                       OFF

Input data file(s)
  faces.physio.threat0.082718.csv
Input data format  FREE


SUMMARY OF DATA

     Number of missing data patterns             6
     Number of clusters                        175



COVARIANCE COVERAGE OF DATA

Minimum covariance coverage value   0.000


     PROPORTION OF DATA PRESENT FOR Y


           Covariance Coverage
              NCRIMEM       SCRIMEM       BULLYM        DISCRIMM      MFQ
              ________      ________      ________      ________      ________
 NCRIMEM        1.000
 SCRIMEM        1.000         1.000
 BULLYM         1.000         1.000         1.000
 DISCRIMM       1.000         1.000         1.000         1.000
 MFQ            1.000         1.000         1.000         1.000         1.000
 CDI            1.000         1.000         1.000         1.000         1.000
 SCARED         1.000         1.000         1.000         1.000         1.000
 W1GA           0.962         0.962         0.962         0.962         0.962
 W1MD           0.956         0.956         0.956         0.956         0.956
 SCRC           0.901         0.901         0.901         0.901         0.901
 RSAC           0.854         0.854         0.854         0.854         0.854
 VMPFCC         1.000         1.000         1.000         1.000         1.000
 DMPFCC         1.000         1.000         1.000         1.000         1.000
 BLOCK          1.000         1.000         1.000         1.000         1.000
 FEMALE         1.000         1.000         1.000         1.000         1.000


           Covariance Coverage
              CDI           SCARED        W1GA          W1MD          SCRC
              ________      ________      ________      ________      ________
 CDI            1.000
 SCARED         1.000         1.000
 W1GA           0.962         0.962         0.962
 W1MD           0.956         0.956         0.956         0.956
 SCRC           0.901         0.901         0.863         0.857         0.901
 RSAC           0.854         0.854         0.822         0.816         0.755
 VMPFCC         1.000         1.000         0.962         0.956         0.901
 DMPFCC         1.000         1.000         0.962         0.956         0.901
 BLOCK          1.000         1.000         0.962         0.956         0.901
 FEMALE         1.000         1.000         0.962         0.956         0.901


           Covariance Coverage
              RSAC          VMPFCC        DMPFCC        BLOCK         FEMALE
              ________      ________      ________      ________      ________
 RSAC           0.854
 VMPFCC         0.854         1.000
 DMPFCC         0.854         1.000         1.000
 BLOCK          0.854         1.000         1.000         1.000
 FEMALE         0.854         1.000         1.000         1.000         1.000


SAMPLE STATISTICS


     ESTIMATED SAMPLE STATISTICS


           Means
              NCRIMEM       SCRIMEM       BULLYM        DISCRIMM      MFQ
              ________      ________      ________      ________      ________
                0.020         0.009         0.003         0.010         0.361


           Means
              CDI           SCARED        W1GA          W1MD          SCRC
              ________      ________      ________      ________      ________
                0.346         0.433         3.685         5.872         0.000


           Means
              RSAC          VMPFCC        DMPFCC        BLOCK         FEMALE
              ________      ________      ________      ________      ________
                0.001         0.000         0.000         6.433         0.489


           Covariances
              NCRIMEM       SCRIMEM       BULLYM        DISCRIMM      MFQ
              ________      ________      ________      ________      ________
 NCRIMEM        0.565
 SCRIMEM        0.301         0.452
 BULLYM         0.141         0.134         0.408
 DISCRIMM       0.185         0.196         0.189         0.436
 MFQ            0.044         0.040         0.031         0.045         0.128
 CDI            0.039         0.045         0.024         0.041         0.070
 SCARED         0.019         0.022         0.004         0.039         0.065
 W1GA           0.169         0.238         0.250         0.301         0.069
 W1MD           0.544         0.554         0.607         0.380         0.320
 SCRC           0.000         0.000         0.000         0.000         0.000
 RSAC           0.000         0.000         0.000         0.000         0.000
 VMPFCC         0.000         0.000         0.000         0.000         0.000
 DMPFCC         0.000         0.000         0.000         0.000         0.000
 BLOCK          0.017         0.030         0.002         0.014         0.008
 FEMALE         0.001         0.013         0.001         0.061         0.026


           Covariances
              CDI           SCARED        W1GA          W1MD          SCRC
              ________      ________      ________      ________      ________
 CDI            0.067
 SCARED         0.046         0.089
 W1GA           0.114         0.107         4.349
 W1MD           0.196         0.256         3.918        16.986
 SCRC           0.000         0.000         0.000         0.000         3.355
 RSAC           0.000         0.000         0.000         0.001         0.102
 VMPFCC         0.000         0.000         0.000         0.000        -0.070
 DMPFCC         0.000         0.000         0.000         0.000        -0.224
 BLOCK          0.006         0.002        -0.010         0.030        -0.250
 FEMALE         0.022         0.049         0.295         0.234         0.000


           Covariances
              RSAC          VMPFCC        DMPFCC        BLOCK         FEMALE
              ________      ________      ________      ________      ________
 RSAC           0.365
 VMPFCC        -0.126         3.662
 DMPFCC        -0.044         1.090         1.884
 BLOCK          0.116        -1.834        -0.871        11.862
 FEMALE         0.000         0.000         0.000        -0.009         0.250


           Correlations
              NCRIMEM       SCRIMEM       BULLYM        DISCRIMM      MFQ
              ________      ________      ________      ________      ________
 NCRIMEM        1.000
 SCRIMEM        0.595         1.000
 BULLYM         0.294         0.313         1.000
 DISCRIMM       0.372         0.442         0.449         1.000
 MFQ            0.163         0.166         0.136         0.192         1.000
 CDI            0.199         0.256         0.142         0.237         0.750
 SCARED         0.087         0.112         0.024         0.198         0.608
 W1GA           0.108         0.170         0.188         0.219         0.093
 W1MD           0.176         0.200         0.230         0.140         0.217
 SCRC           0.000         0.000         0.000         0.000         0.000
 RSAC           0.000        -0.001        -0.001        -0.001        -0.001
 VMPFCC         0.000         0.000         0.000         0.000         0.000
 DMPFCC         0.000         0.000         0.000         0.000         0.000
 BLOCK          0.006         0.013         0.001         0.006         0.007
 FEMALE         0.002         0.038         0.002         0.186         0.143


           Correlations
              CDI           SCARED        W1GA          W1MD          SCRC
              ________      ________      ________      ________      ________
 CDI            1.000
 SCARED         0.588         1.000
 W1GA           0.211         0.172         1.000
 W1MD           0.183         0.208         0.456         1.000
 SCRC           0.000         0.000         0.000         0.000         1.000
 RSAC          -0.001        -0.001         0.000         0.001         0.092
 VMPFCC         0.000         0.000         0.000         0.000        -0.020
 DMPFCC         0.000         0.000         0.000         0.000        -0.089
 BLOCK          0.006         0.002        -0.001         0.002        -0.040
 FEMALE         0.171         0.332         0.283         0.114         0.000


           Correlations
              RSAC          VMPFCC        DMPFCC        BLOCK         FEMALE
              ________      ________      ________      ________      ________
 RSAC           1.000
 VMPFCC        -0.109         1.000
 DMPFCC        -0.054         0.415         1.000
 BLOCK          0.056        -0.278        -0.184         1.000
 FEMALE        -0.001         0.000         0.000        -0.005         1.000


     MAXIMUM LOG-LIKELIHOOD VALUE FOR THE UNRESTRICTED (H1) MODEL IS -36483.919


UNIVARIATE SAMPLE STATISTICS


     UNIVARIATE HIGHER-ORDER MOMENT DESCRIPTIVE STATISTICS

         Variable/         Mean/     Skewness/   Minimum/ % with                Percentiles
        Sample Size      Variance    Kurtosis    Maximum  Min/Max      20%/60%    40%/80%    Median

     NCRIMEM               0.016       1.180      -0.946    1.14%      -0.645     -0.292     -0.141
             175.000       0.559       1.514       2.890    0.57%      -0.042      0.554
     SCRIMEM               0.001       0.997      -1.055    0.57%      -0.590     -0.262     -0.104
             175.000       0.453       1.019       2.465    0.57%       0.028      0.448
     BULLYM                0.003       1.944      -0.448    2.29%      -0.441     -0.372     -0.303
             175.000       0.406       3.711       2.648    0.57%      -0.164      0.393
     DISCRIMM              0.006       1.031      -0.813   12.00%      -0.632     -0.265     -0.067
             175.000       0.436       1.147       2.680    0.57%       0.078      0.407
     MFQ                   0.358       1.096       0.000   18.86%       0.077      0.154      0.231
             175.000       0.127       0.603       1.615    0.57%       0.333      0.615
     CDI                   0.344       1.439       0.000    5.14%       0.111      0.222      0.296
             175.000       0.067       4.072       1.750    0.57%       0.370      0.519
     SCARED                0.432       1.121       0.000    1.71%       0.171      0.341      0.390
             175.000       0.088       1.510       1.537    0.57%       0.439      0.659
     W1GA                  3.688       0.414       0.000    6.55%       2.000      3.000      4.000
             168.000       4.368      -0.006       9.000    2.38%       4.000      5.000
     W1MD                  5.856       0.709       0.000    7.19%       2.000      4.000      5.000
             167.000      16.830       0.280      21.000    0.60%       6.000      9.000
     SCRC                  0.000       1.148      -6.583    0.05%      -1.167     -0.333     -0.167
            1857.000       3.357       5.291      14.667    0.05%       0.000      1.000
     RSAC                  0.001       1.314      -2.545    0.06%      -0.459     -0.149     -0.016
            1761.000       0.365      11.923       6.691    0.06%       0.111      0.428
     VMPFCC                0.000      -1.213     -18.578    0.05%      -1.064     -0.245      0.029
            2061.000       3.662       9.253       8.281    0.05%       0.361      1.173
     DMPFCC                0.000      -1.560     -18.555    0.05%      -0.684     -0.178      0.000
            2061.000       1.884      37.716      13.036    0.05%       0.197      0.699
     BLOCK                 6.433       0.028       1.000    8.49%       3.000      5.000      6.000
            2061.000      11.862      -1.208      12.000    8.10%       8.000     10.000
     FEMALE                0.491       0.034       0.000   50.86%       0.000      0.000      0.000
             175.000       0.250      -1.999       1.000   49.14%       1.000      1.000


THE MODEL ESTIMATION TERMINATED NORMALLY



MODEL FIT INFORMATION

Number of Free Parameters                       51

Loglikelihood

          H0 Value                      -14371.074

Information Criteria

          Akaike (AIC)                   28844.147
          Bayesian (BIC)                 29131.325
          Sample-Size Adjusted BIC       28969.294
            (n* = (n + 2) / 24)



MODEL RESULTS

                                                    Two-Tailed
                    Estimate       S.E.  Est./S.E.    P-Value

Within Level

 DMPFCC     ON
    BLOCK             -0.016      0.004     -3.963      0.000

 VMPFCC     ON
    BLOCK             -0.034      0.006     -6.016      0.000

 RSAC       ON
    BLOCK              0.000      0.002      0.209      0.835

 SCRC       ON
    BLOCK             -0.007      0.006     -1.273      0.203

 DMPFCC   WITH
    VMPFCC             1.060      0.062     17.180      0.000

 RSAC     WITH
    SCRC               0.101      0.027      3.714      0.000

 Intercepts
    SCRC               0.000      0.000    999.000    999.000
    RSAC               0.000      0.000    999.000    999.000
    VMPFCC             0.000      0.000    999.000    999.000
    DMPFCC             0.000      0.000    999.000    999.000

 Residual Variances
    SCRC               3.114      0.108     28.865      0.000
    RSAC               0.340      0.012     28.752      0.000
    VMPFCC             3.599      0.112     32.101      0.000
    DMPFCC             1.869      0.058     32.101      0.000

Between Level

 T        BY
    NCRIMEM            1.000      0.000    999.000    999.000
    SCRIMEM            0.993      0.123      8.077      0.000
    BULLYM             0.581      0.115      5.061      0.000
    DISCRIMM           0.762      0.124      6.149      0.000

 I1       BY
    W1GA               1.000      0.000    999.000    999.000
    W1MD               2.362      0.746      3.165      0.002

 I        BY
    MFQ                1.000      0.000    999.000    999.000
    CDI                0.728      0.061     11.893      0.000
    SCARED             0.677      0.068      9.888      0.000

 S1         ON
    T                 -0.246      0.139     -1.772      0.076

 S2         ON
    T                 -0.050      0.025     -2.011      0.044

 I          ON
    S1                 0.061      0.099      0.614      0.539
    S2                 1.416      0.655      2.161      0.031
    I1                 0.045      0.027      1.657      0.098
    T                  0.225      0.080      2.822      0.005

 S1         ON
    FEMALE             0.058      0.124      0.467      0.640

 S2         ON
    FEMALE             0.064      0.023      2.720      0.007

 I          ON
    FEMALE             0.014      0.069      0.205      0.837

 S1       WITH
    S2                 0.000      0.000    999.000    999.000

 I1       WITH
    T                  0.258      0.098      2.640      0.008

 Intercepts
    NCRIMEM            0.016      0.057      0.277      0.782
    SCRIMEM            0.001      0.051      0.013      0.990
    BULLYM             0.003      0.048      0.062      0.950
    DISCRIMM           0.006      0.050      0.125      0.900
    MFQ                0.400      0.058      6.930      0.000
    CDI                0.374      0.042      8.924      0.000
    SCARED             0.460      0.041     11.182      0.000
    W1GA               3.678      0.161     22.830      0.000
    W1MD               5.860      0.318     18.448      0.000
    S1                -0.155      0.086     -1.805      0.071
    S2                -0.060      0.015     -3.910      0.000

 Variances
    T                  0.277      0.060      4.636      0.000
    I1                 1.691      0.641      2.639      0.008

 Residual Variances
    NCRIMEM            0.283      0.043      6.653      0.000
    SCRIMEM            0.180      0.035      5.144      0.000
    BULLYM             0.313      0.038      8.340      0.000
    DISCRIMM           0.275      0.037      7.439      0.000
    MFQ                0.033      0.007      4.812      0.000
    CDI                0.017      0.004      4.725      0.000
    SCARED             0.045      0.006      7.937      0.000
    W1GA               2.677      0.595      4.496      0.000
    W1MD               7.482      2.997      2.497      0.013
    I                  0.066      0.014      4.757      0.000
    S1                 0.205      0.076      2.679      0.007
    S2                 0.006      0.002      2.945      0.003

New/Additional Parameters
    INDT              -0.085      0.055     -1.545      0.122


QUALITY OF NUMERICAL RESULTS

     Condition Number for the Information Matrix              0.257E-06
       (ratio of smallest to largest eigenvalue)


CONFIDENCE INTERVALS OF MODEL RESULTS

                  Lower .5%  Lower 2.5%    Lower 5%    Estimate    Upper 5%  Upper 2.5%   Upper .5%

Within Level

 DMPFCC   ON
    BLOCK           -0.027      -0.024      -0.023      -0.016      -0.010      -0.008      -0.006

 VMPFCC   ON
    BLOCK           -0.049      -0.046      -0.044      -0.034      -0.025      -0.023      -0.020

 RSAC     ON
    BLOCK           -0.005      -0.003      -0.003       0.000       0.004       0.004       0.005

 SCRC     ON
    BLOCK           -0.022      -0.019      -0.017      -0.007       0.002       0.004       0.007

 DMPFCC   WITH
    VMPFCC           0.901       0.939       0.959       1.060       1.162       1.181       1.219

 RSAC     WITH
    SCRC             0.031       0.048       0.056       0.101       0.146       0.154       0.171

 Intercepts
    SCRC             0.000       0.000       0.000       0.000       0.000       0.000       0.000
    RSAC             0.000       0.000       0.000       0.000       0.000       0.000       0.000
    VMPFCC           0.000       0.000       0.000       0.000       0.000       0.000       0.000
    DMPFCC           0.000       0.000       0.000       0.000       0.000       0.000       0.000

 Residual Variances
    SCRC             2.836       2.903       2.937       3.114       3.292       3.326       3.392
    RSAC             0.310       0.317       0.321       0.340       0.360       0.364       0.371
    VMPFCC           3.310       3.379       3.414       3.599       3.783       3.818       3.887
    DMPFCC           1.719       1.755       1.774       1.869       1.965       1.983       2.019

Between Level

 T        BY
    NCRIMEM          1.000       1.000       1.000       1.000       1.000       1.000       1.000
    SCRIMEM          0.676       0.752       0.791       0.993       1.195       1.234       1.310
    BULLYM           0.285       0.356       0.392       0.581       0.769       0.806       0.876
    DISCRIMM         0.443       0.519       0.558       0.762       0.966       1.005       1.082

 I1       BY
    W1GA             1.000       1.000       1.000       1.000       1.000       1.000       1.000
    W1MD             0.440       0.900       1.135       2.362       3.590       3.825       4.285

 I        BY
    MFQ              1.000       1.000       1.000       1.000       1.000       1.000       1.000
    CDI              0.570       0.608       0.627       0.728       0.828       0.848       0.885
    SCARED           0.500       0.543       0.564       0.677       0.789       0.811       0.853

 S1       ON
    T               -0.604      -0.518      -0.475      -0.246      -0.018       0.026       0.112

 S2       ON
    T               -0.113      -0.098      -0.090      -0.050      -0.009      -0.001       0.014

 I        ON
    S1              -0.195      -0.133      -0.102       0.061       0.224       0.255       0.317
    S2              -0.271       0.132       0.338       1.416       2.493       2.699       3.103
    I1              -0.025      -0.008       0.000       0.045       0.089       0.097       0.114
    T                0.020       0.069       0.094       0.225       0.357       0.382       0.431

 S1       ON
    FEMALE          -0.261      -0.185      -0.146       0.058       0.261       0.300       0.376

 S2       ON
    FEMALE           0.003       0.018       0.025       0.064       0.102       0.109       0.124

 I        ON
    FEMALE          -0.163      -0.121      -0.099       0.014       0.128       0.149       0.192

 S1       WITH
    S2               0.000       0.000       0.000       0.000       0.000       0.000       0.000

 I1       WITH
    T                0.006       0.066       0.097       0.258       0.419       0.449       0.510

 Intercepts
    NCRIMEM         -0.130      -0.095      -0.077       0.016       0.109       0.126       0.161
    SCRIMEM         -0.130      -0.099      -0.083       0.001       0.084       0.100       0.132
    BULLYM          -0.121      -0.091      -0.076       0.003       0.082       0.097       0.127
    DISCRIMM        -0.122      -0.092      -0.076       0.006       0.088       0.104       0.135
    MFQ              0.251       0.287       0.305       0.400       0.494       0.513       0.548
    CDI              0.266       0.292       0.305       0.374       0.443       0.457       0.482
    SCARED           0.354       0.379       0.392       0.460       0.528       0.541       0.566
    W1GA             3.263       3.362       3.413       3.678       3.943       3.994       4.093
    W1MD             5.042       5.238       5.338       5.860       6.383       6.483       6.678
    S1              -0.376      -0.323      -0.296      -0.155      -0.014       0.013       0.066
    S2              -0.099      -0.090      -0.085      -0.060      -0.035      -0.030      -0.020

 Variances
    T                0.123       0.160       0.178       0.277       0.375       0.394       0.430
    I1               0.041       0.435       0.637       1.691       2.745       2.947       3.342

 Residual Variances
    NCRIMEM          0.173       0.199       0.213       0.283       0.353       0.366       0.392
    SCRIMEM          0.090       0.112       0.123       0.180       0.238       0.249       0.270
    BULLYM           0.216       0.239       0.251       0.313       0.375       0.387       0.410
    DISCRIMM         0.180       0.202       0.214       0.275       0.336       0.347       0.370
    MFQ              0.015       0.019       0.022       0.033       0.044       0.046       0.050
    CDI              0.008       0.010       0.011       0.017       0.023       0.024       0.026
    SCARED           0.030       0.034       0.036       0.045       0.054       0.056       0.060
    W1GA             1.143       1.510       1.697       2.677       3.656       3.843       4.210
    W1MD            -0.237       1.608       2.552       7.482      12.412      13.356      15.201
    I                0.030       0.039       0.043       0.066       0.088       0.093       0.101
    S1               0.008       0.055       0.079       0.205       0.330       0.354       0.401
    S2               0.001       0.002       0.003       0.006       0.009       0.009       0.011

New/Additional Parameters
    INDT            -0.228      -0.194      -0.176      -0.085       0.006       0.023       0.057


SAMPLE STATISTICS FOR ESTIMATED FACTOR SCORES


     SAMPLE STATISTICS


           Means
              T             I1            I             S1            S2
              ________      ________      ________      ________      ________
                0.005         0.003        -0.040        -0.128        -0.029


           Covariances
              T             I1            I             S1            S2
              ________      ________      ________      ________      ________
 T              0.217
 I1             0.237         1.101
 I              0.050         0.117         0.083
 S1            -0.055        -0.049         0.001         0.081
 S2            -0.010        -0.004         0.007         0.004         0.003


           Correlations
              T             I1            I             S1            S2
              ________      ________      ________      ________      ________
 T              1.000
 I1             0.484         1.000
 I              0.372         0.388         1.000
 S1            -0.418        -0.164         0.014         1.000
 S2            -0.364        -0.063         0.413         0.246         1.000


SAVEDATA INFORMATION


  Save file
    fscores.txt

  Order and format of variables

    NCRIMEM        F10.3
    SCRIMEM        F10.3
    BULLYM         F10.3
    DISCRIMM       F10.3
    MFQ            F10.3
    CDI            F10.3
    SCARED         F10.3
    W1GA           F10.3
    W1MD           F10.3
    SCRC           F10.3
    RSAC           F10.3
    VMPFCC         F10.3
    DMPFCC         F10.3
    BLOCK          F10.3
    FEMALE         F10.3
    T              F10.3
    I1             F10.3
    I              F10.3
    S1             F10.3
    S2             F10.3
    SID            I5

  Save file format
    20F10.3 I5

  Save file record length    10000


     Beginning Time:  11:58:30
        Ending Time:  11:58:32
       Elapsed Time:  00:00:02



MUTHEN & MUTHEN
3463 Stoner Ave.
Los Angeles, CA  90066

Tel: (310) 391-9971
Fax: (310) 391-8971
Web: www.StatModel.com
Support: Support@StatModel.com

Copyright (c) 1998-2017 Muthen & Muthen
